<?xml version="1.0" encoding="UTF-8"?>
<!-- Generated by org.testng.reporters.JUnitReportReporter -->
<testsuite skipped="0" hostname="sathyas-mbp" name="testCase.TestAssessment" tests="1" failures="0" timestamp="13 Oct 2019 06:20:49 GMT" time="6.038" errors="0">
  <testcase name="verifyHomePage" time="6.038" classname="testCase.TestAssessment"/>
</testsuite> <!-- testCase.TestAssessment -->
